d:\ddmv1\labs\lab 4\lab4\debug\vc143.pdb
d:\ddmv1\labs\lab 4\lab4\debug\vc143.idb
d:\ddmv1\labs\lab 4\lab4\debug\lab4.obj
d:\ddmv1\labs\lab 4\lab4\debug\cfunc.obj
d:\git\ddmlabs\labs\lab4\lab4\debug\lab4.exe
d:\git\ddmlabs\labs\lab4\lab4\lab4\debug\lab4.ilk
d:\git\ddmlabs\labs\lab4\lab4\debug\lab4.pdb
d:\ddmv1\labs\lab 4\debug\lab4.exe
d:\ddmv1\labs\lab 4\lab4\debug\lab4.ilk
d:\ddmv1\labs\lab 4\debug\lab4.pdb
d:\ddmv1\labs\lab 4\lab4\debug\asmfunc.obj
d:\ddmv1\labs\lab 4\lab4\debug\lab4.tlog\cl.command.1.tlog
d:\ddmv1\labs\lab 4\lab4\debug\lab4.tlog\cl.items.tlog
d:\ddmv1\labs\lab 4\lab4\debug\lab4.tlog\cl.read.1.tlog
d:\ddmv1\labs\lab 4\lab4\debug\lab4.tlog\cl.write.1.tlog
d:\ddmv1\labs\lab 4\lab4\debug\lab4.tlog\link.command.1.tlog
d:\ddmv1\labs\lab 4\lab4\debug\lab4.tlog\link.read.1.tlog
d:\ddmv1\labs\lab 4\lab4\debug\lab4.tlog\link.write.1.tlog
d:\ddmv1\labs\lab 4\lab4\debug\lab4.tlog\masm.read.1u.tlog
d:\ddmv1\labs\lab 4\lab4\debug\lab4.tlog\masm.write.1u.tlog
